<?xml version="1.0" encoding="UTF-8"?>
<coverage generated="1544314533461" clover="3.2.0">
  <project timestamp="1544314533461" name="All files">
    <metrics statements="34" coveredstatements="9" conditionals="10" coveredconditionals="1" methods="13" coveredmethods="6" elements="57" coveredelements="16" complexity="0" loc="34" ncloc="34" packages="2" files="5" classes="5">
      <package name="src">
        <metrics statements="1" coveredstatements="1" conditionals="0" coveredconditionals="0" methods="1" coveredmethods="1"/>
        <file name="App.js" path="C:\Users\leand\Desktop\ripiotest\src\App.js">
          <metrics statements="1" coveredstatements="1" conditionals="0" coveredconditionals="0" methods="1" coveredmethods="1"/>
          <line num="5" count="1" type="stmt"/>
        </file>
      </package>
      <package name="src.components">
        <metrics statements="33" coveredstatements="8" conditionals="10" coveredconditionals="1" methods="12" coveredmethods="5"/>
        <file name="Loading.js" path="C:\Users\leand\Desktop\ripiotest\src\components\Loading.js">
          <metrics statements="2" coveredstatements="2" conditionals="0" coveredconditionals="0" methods="1" coveredmethods="1"/>
          <line num="3" count="3" type="stmt"/>
          <line num="4" count="1" type="stmt"/>
        </file>
        <file name="MontoTotal.js" path="C:\Users\leand\Desktop\ripiotest\src\components\MontoTotal.js">
          <metrics statements="2" coveredstatements="2" conditionals="0" coveredconditionals="0" methods="1" coveredmethods="1"/>
          <line num="3" count="3" type="stmt"/>
          <line num="4" count="1" type="stmt"/>
        </file>
        <file name="Resumen.js" path="C:\Users\leand\Desktop\ripiotest\src\components\Resumen.js">
          <metrics statements="2" coveredstatements="2" conditionals="0" coveredconditionals="0" methods="1" coveredmethods="1"/>
          <line num="3" count="3" type="stmt"/>
          <line num="4" count="1" type="stmt"/>
        </file>
        <file name="SendBtc.js" path="C:\Users\leand\Desktop\ripiotest\src\components\SendBtc.js">
          <metrics statements="27" coveredstatements="2" conditionals="10" coveredconditionals="1" methods="9" coveredmethods="2"/>
          <line num="21" count="0" type="cond" truecount="0" falsecount="2"/>
          <line num="22" count="0" type="stmt"/>
          <line num="23" count="0" type="stmt"/>
          <line num="24" count="0" type="stmt"/>
          <line num="28" count="0" type="stmt"/>
          <line num="29" count="0" type="cond" truecount="0" falsecount="2"/>
          <line num="30" count="0" type="stmt"/>
          <line num="31" count="0" type="stmt"/>
          <line num="34" count="0" type="stmt"/>
          <line num="35" count="0" type="cond" truecount="0" falsecount="2"/>
          <line num="36" count="0" type="stmt"/>
          <line num="37" count="0" type="stmt"/>
          <line num="40" count="0" type="stmt"/>
          <line num="42" count="0" type="stmt"/>
          <line num="47" count="0" type="stmt"/>
          <line num="51" count="0" type="stmt"/>
          <line num="52" count="0" type="stmt"/>
          <line num="65" count="0" type="stmt"/>
          <line num="66" count="0" type="stmt"/>
          <line num="67" count="0" type="stmt"/>
          <line num="69" count="0" type="cond" truecount="0" falsecount="2"/>
          <line num="70" count="0" type="stmt"/>
          <line num="75" count="0" type="stmt"/>
          <line num="77" count="0" type="stmt"/>
          <line num="82" count="1" type="stmt"/>
          <line num="88" count="3" type="stmt"/>
          <line num="126" count="0" type="stmt"/>
        </file>
      </package>
    </metrics>
  </project>
</coverage>
