{"C:\\Users\\leand\\Desktop\\ripiotest\\src\\App.js": {"path":"C:\\Users\\leand\\Desktop\\ripiotest\\src\\App.js","statementMap":{"0":{"start":{"line":5,"column":12},"end":{"line":5,"column":28}},"1":{"start":{"line":5,"column":18},"end":{"line":5,"column":28}}},"fnMap":{"0":{"name":"(anonymous_0)","decl":{"start":{"line":5,"column":12},"end":{"line":5,"column":13}},"loc":{"start":{"line":5,"column":18},"end":{"line":5,"column":28}},"line":5}},"branchMap":{},"s":{"0":1,"1":1},"f":{"0":1},"b":{},"_coverageSchema":"332fd63041d2c1bcb487cc26dd0d5f7d97098a6c","hash":"466b225174043cac4b987ad1ec84861d6550777f"}
,"C:\\Users\\leand\\Desktop\\ripiotest\\src\\components\\Loading.js": {"path":"C:\\Users\\leand\\Desktop\\ripiotest\\src\\components\\Loading.js","statementMap":{"0":{"start":{"line":3,"column":16},"end":{"line":9,"column":1}},"1":{"start":{"line":4,"column":4},"end":{"line":8,"column":10}}},"fnMap":{"0":{"name":"(anonymous_0)","decl":{"start":{"line":3,"column":16},"end":{"line":3,"column":17}},"loc":{"start":{"line":4,"column":4},"end":{"line":8,"column":10}},"line":4}},"branchMap":{},"s":{"0":3,"1":1},"f":{"0":1},"b":{},"_coverageSchema":"332fd63041d2c1bcb487cc26dd0d5f7d97098a6c","hash":"7dbb4afaf96ef29f9b09c670391a956f27d45bcb"}
,"C:\\Users\\leand\\Desktop\\ripiotest\\src\\components\\MontoTotal.js": {"path":"C:\\Users\\leand\\Desktop\\ripiotest\\src\\components\\MontoTotal.js","statementMap":{"0":{"start":{"line":3,"column":19},"end":{"line":12,"column":1}},"1":{"start":{"line":4,"column":4},"end":{"line":11,"column":6}}},"fnMap":{"0":{"name":"(anonymous_0)","decl":{"start":{"line":3,"column":19},"end":{"line":3,"column":20}},"loc":{"start":{"line":3,"column":28},"end":{"line":12,"column":1}},"line":3}},"branchMap":{},"s":{"0":3,"1":1},"f":{"0":1},"b":{},"_coverageSchema":"332fd63041d2c1bcb487cc26dd0d5f7d97098a6c","hash":"16f8fc890249af2613de432f167ec35fce40b421"}
,"C:\\Users\\leand\\Desktop\\ripiotest\\src\\components\\Resumen.js": {"path":"C:\\Users\\leand\\Desktop\\ripiotest\\src\\components\\Resumen.js","statementMap":{"0":{"start":{"line":3,"column":16},"end":{"line":12,"column":1}},"1":{"start":{"line":4,"column":4},"end":{"line":11,"column":6}}},"fnMap":{"0":{"name":"(anonymous_0)","decl":{"start":{"line":3,"column":16},"end":{"line":3,"column":17}},"loc":{"start":{"line":3,"column":25},"end":{"line":12,"column":1}},"line":3}},"branchMap":{},"s":{"0":3,"1":1},"f":{"0":1},"b":{},"_coverageSchema":"332fd63041d2c1bcb487cc26dd0d5f7d97098a6c","hash":"5e18198169418e1435f1c40391e0fa0521babfa7"}
,"C:\\Users\\leand\\Desktop\\ripiotest\\src\\components\\SendBtc.js": {"path":"C:\\Users\\leand\\Desktop\\ripiotest\\src\\components\\SendBtc.js","statementMap":{"0":{"start":{"line":21,"column":8},"end":{"line":43,"column":9}},"1":{"start":{"line":22,"column":12},"end":{"line":27,"column":19}},"2":{"start":{"line":23,"column":16},"end":{"line":23,"column":51}},"3":{"start":{"line":24,"column":16},"end":{"line":26,"column":18}},"4":{"start":{"line":28,"column":12},"end":{"line":28,"column":24}},"5":{"start":{"line":29,"column":15},"end":{"line":43,"column":9}},"6":{"start":{"line":30,"column":12},"end":{"line":30,"column":54}},"7":{"start":{"line":31,"column":12},"end":{"line":33,"column":14}},"8":{"start":{"line":34,"column":12},"end":{"line":34,"column":24}},"9":{"start":{"line":35,"column":15},"end":{"line":43,"column":9}},"10":{"start":{"line":36,"column":12},"end":{"line":36,"column":45}},"11":{"start":{"line":37,"column":12},"end":{"line":39,"column":14}},"12":{"start":{"line":40,"column":12},"end":{"line":40,"column":24}},"13":{"start":{"line":42,"column":12},"end":{"line":42,"column":23}},"14":{"start":{"line":47,"column":8},"end":{"line":49,"column":10}},"15":{"start":{"line":51,"column":8},"end":{"line":61,"column":16}},"16":{"start":{"line":52,"column":10},"end":{"line":60,"column":13}},"17":{"start":{"line":52,"column":39},"end":{"line":60,"column":11}},"18":{"start":{"line":65,"column":8},"end":{"line":65,"column":27}},"19":{"start":{"line":66,"column":25},"end":{"line":66,"column":43}},"20":{"start":{"line":67,"column":21},"end":{"line":67,"column":67}},"21":{"start":{"line":69,"column":8},"end":{"line":78,"column":9}},"22":{"start":{"line":70,"column":23},"end":{"line":74,"column":13}},"23":{"start":{"line":75,"column":12},"end":{"line":75,"column":34}},"24":{"start":{"line":77,"column":12},"end":{"line":77,"column":55}},"25":{"start":{"line":82,"column":8},"end":{"line":84,"column":10}},"26":{"start":{"line":88,"column":8},"end":{"line":137,"column":9}},"27":{"start":{"line":126,"column":20},"end":{"line":132,"column":25}}},"fnMap":{"0":{"name":"(anonymous_0)","decl":{"start":{"line":19,"column":16},"end":{"line":19,"column":17}},"loc":{"start":{"line":19,"column":40},"end":{"line":44,"column":5}},"line":19},"1":{"name":"(anonymous_1)","decl":{"start":{"line":22,"column":23},"end":{"line":22,"column":24}},"loc":{"start":{"line":22,"column":29},"end":{"line":27,"column":13}},"line":22},"2":{"name":"(anonymous_2)","decl":{"start":{"line":46,"column":18},"end":{"line":46,"column":19}},"loc":{"start":{"line":46,"column":26},"end":{"line":62,"column":5}},"line":46},"3":{"name":"(anonymous_3)","decl":{"start":{"line":51,"column":19},"end":{"line":51,"column":20}},"loc":{"start":{"line":51,"column":25},"end":{"line":61,"column":9}},"line":51},"4":{"name":"(anonymous_4)","decl":{"start":{"line":52,"column":25},"end":{"line":52,"column":26}},"loc":{"start":{"line":52,"column":39},"end":{"line":60,"column":11}},"line":52},"5":{"name":"(anonymous_5)","decl":{"start":{"line":64,"column":21},"end":{"line":64,"column":22}},"loc":{"start":{"line":64,"column":26},"end":{"line":79,"column":5}},"line":64},"6":{"name":"(anonymous_6)","decl":{"start":{"line":81,"column":21},"end":{"line":81,"column":22}},"loc":{"start":{"line":81,"column":26},"end":{"line":85,"column":5}},"line":81},"7":{"name":"(anonymous_7)","decl":{"start":{"line":87,"column":4},"end":{"line":87,"column":5}},"loc":{"start":{"line":87,"column":13},"end":{"line":138,"column":5}},"line":87},"8":{"name":"(anonymous_8)","decl":{"start":{"line":125,"column":41},"end":{"line":125,"column":42}},"loc":{"start":{"line":125,"column":59},"end":{"line":133,"column":21}},"line":125}},"branchMap":{"0":{"loc":{"start":{"line":21,"column":8},"end":{"line":43,"column":9}},"type":"if","locations":[{"start":{"line":21,"column":8},"end":{"line":43,"column":9}},{"start":{"line":21,"column":8},"end":{"line":43,"column":9}}],"line":21},"1":{"loc":{"start":{"line":29,"column":15},"end":{"line":43,"column":9}},"type":"if","locations":[{"start":{"line":29,"column":15},"end":{"line":43,"column":9}},{"start":{"line":29,"column":15},"end":{"line":43,"column":9}}],"line":29},"2":{"loc":{"start":{"line":35,"column":15},"end":{"line":43,"column":9}},"type":"if","locations":[{"start":{"line":35,"column":15},"end":{"line":43,"column":9}},{"start":{"line":35,"column":15},"end":{"line":43,"column":9}}],"line":35},"3":{"loc":{"start":{"line":69,"column":8},"end":{"line":78,"column":9}},"type":"if","locations":[{"start":{"line":69,"column":8},"end":{"line":78,"column":9}},{"start":{"line":69,"column":8},"end":{"line":78,"column":9}}],"line":69},"4":{"loc":{"start":{"line":92,"column":18},"end":{"line":120,"column":30}},"type":"cond-expr","locations":[{"start":{"line":93,"column":20},"end":{"line":118,"column":27}},{"start":{"line":120,"column":20},"end":{"line":120,"column":30}}],"line":92}},"s":{"0":0,"1":0,"2":0,"3":0,"4":0,"5":0,"6":0,"7":0,"8":0,"9":0,"10":0,"11":0,"12":0,"13":0,"14":0,"15":0,"16":0,"17":0,"18":0,"19":0,"20":0,"21":0,"22":0,"23":0,"24":0,"25":1,"26":3,"27":0},"f":{"0":0,"1":0,"2":0,"3":0,"4":0,"5":0,"6":1,"7":3,"8":0},"b":{"0":[0,0],"1":[0,0],"2":[0,0],"3":[0,0],"4":[3,0]},"_coverageSchema":"332fd63041d2c1bcb487cc26dd0d5f7d97098a6c","hash":"1f4fe3a41e1f5224ebfbd0b8206b29e1c3942be4"}
}
